<?xml version="1.0" encoding="UTF-8"?>
<!-- Generated by org.testng.reporters.JUnitXMLReporter -->
<testsuite ignored="0" hostname="DESKTOP-GJ4QAHL" failures="1" tests="1" name="Command line test" time="13.394" errors="0" timestamp="04 июн. 2018 15:56:25 GMT">
  <testcase classname="Recruitment.RecruitmentTest" name="test1" time="1.877">
    <failure type="com.google.gson.JsonSyntaxException" message="java.lang.IllegalStateException: Expected BEGIN_OBJECT but was BEGIN_ARRAY at line 1 column 2 path $">
      <![CDATA[com.google.gson.JsonSyntaxException: java.lang.IllegalStateException: Expected BEGIN_OBJECT but was BEGIN_ARRAY at line 1 column 2 path $
at com.google.gson.internal.bind.ReflectiveTypeAdapterFactory$Adapter.read(ReflectiveTypeAdapterFactory.java:226)
at com.google.gson.Gson.fromJson(Gson.java:922)
at com.google.gson.Gson.fromJson(Gson.java:887)
at com.google.gson.Gson.fromJson(Gson.java:836)
at com.google.gson.Gson.fromJson(Gson.java:808)
at Recruitment.Data.MapJson.GetData(MapJson.java:25)
at Recruitment.RecruitmentTest.test1(RecruitmentTest.java:29)
Caused by: java.lang.IllegalStateException: Expected BEGIN_OBJECT but was BEGIN_ARRAY at line 1 column 2 path $
at com.google.gson.stream.JsonReader.beginObject(JsonReader.java:385)
at com.google.gson.internal.bind.ReflectiveTypeAdapterFactory$Adapter.read(ReflectiveTypeAdapterFactory.java:215)
... 40 more
... Removed 34 stack frames]]>
    </failure>
  </testcase> <!-- test1 -->
</testsuite> <!-- Command line test -->
